# JRE version: Java(TM) SE Runtime Environment (8.0_144-b01) (build 1.8.0_144-b01)
# Java VM: Java HotSpot(TM) 64-Bit Server VM (25.144-b01 mixed mode windows-amd64 compressed oops)
Heap:
 PSYoungGen      total 595456K, used 12433K [0x0000000740980000, 0x000000076a780000, 0x00000007c0000000)
  eden space 577536K, 0% used [0x0000000740980000,0x0000000740980000,0x0000000763d80000)
  from space 17920K, 69% used [0x0000000763d80000,0x00000007649a4680,0x0000000764f00000)
  to   space 16384K, 0% used [0x0000000764f00000,0x0000000764f00000,0x0000000765f00000)
 ParOldGen       total 184320K, used 21177K [0x0000000641c00000, 0x000000064d000000, 0x0000000740980000)
  object space 184320K, 11% used [0x0000000641c00000,0x00000006430ae660,0x000000064d000000)
 Metaspace       used 43516K, capacity 45370K, committed 45528K, reserved 1093632K
  class space    used 5752K, capacity 6125K, committed 6144K, reserved 1048576K
GC Heap History (10 events):
Event: 1.554 GC heap after
Heap after GC invocations=7 (full 1):
 PSYoungGen      total 351744K, used 9702K [0x0000000740980000, 0x0000000759c80000, 0x00000007c0000000)
  eden space 342016K, 0% used [0x0000000740980000,0x0000000740980000,0x0000000755780000)
  from space 9728K, 99% used [0x0000000759300000,0x0000000759c799e8,0x0000000759c80000)
  to   space 11264K, 0% used [0x0000000758680000,0x0000000758680000,0x0000000759180000)
 ParOldGen       total 125952K, used 6209K [0x0000000641c00000, 0x0000000649700000, 0x0000000740980000)
  object space 125952K, 4% used [0x0000000641c00000,0x0000000642210678,0x0000000649700000)
 Metaspace       used 24812K, capacity 25556K, committed 25728K, reserved 1071104K
  class space    used 3181K, capacity 3356K, committed 3456K, reserved 1048576K
}
Event: 2.686 GC heap before
{Heap before GC invocations=8 (full 1):
 PSYoungGen      total 351744K, used 351718K [0x0000000740980000, 0x0000000759c80000, 0x00000007c0000000)
  eden space 342016K, 100% used [0x0000000740980000,0x0000000755780000,0x0000000755780000)
  from space 9728K, 99% used [0x0000000759300000,0x0000000759c799e8,0x0000000759c80000)
  to   space 11264K, 0% used [0x0000000758680000,0x0000000758680000,0x0000000759180000)
 ParOldGen       total 125952K, used 6209K [0x0000000641c00000, 0x0000000649700000, 0x0000000740980000)
  object space 125952K, 4% used [0x0000000641c00000,0x0000000642210678,0x0000000649700000)
 Metaspace       used 31555K, capacity 32778K, committed 32896K, reserved 1077248K
  class space    used 4116K, capacity 4397K, committed 4480K, reserved 1048576K
Event: 2.698 GC heap after
Heap after GC invocations=8 (full 1):
 PSYoungGen      total 401408K, used 11250K [0x0000000740980000, 0x0000000765f00000, 0x00000007c0000000)
  eden space 390144K, 0% used [0x0000000740980000,0x0000000740980000,0x0000000758680000)
  from space 11264K, 99% used [0x0000000758680000,0x000000075917c970,0x0000000759180000)
  to   space 16384K, 0% used [0x0000000764f00000,0x0000000764f00000,0x0000000765f00000)
 ParOldGen       total 125952K, used 13833K [0x0000000641c00000, 0x0000000649700000, 0x0000000740980000)
  object space 125952K, 10% used [0x0000000641c00000,0x00000006429825e0,0x0000000649700000)
 Metaspace       used 31555K, capacity 32778K, committed 32896K, reserved 1077248K
  class space    used 4116K, capacity 4397K, committed 4480K, reserved 1048576K
}
Event: 3.002 GC heap before
{Heap before GC invocations=9 (full 1):
 PSYoungGen      total 401408K, used 86225K [0x0000000740980000, 0x0000000765f00000, 0x00000007c0000000)
  eden space 390144K, 19% used [0x0000000740980000,0x00000007452b7bd0,0x0000000758680000)
  from space 11264K, 99% used [0x0000000758680000,0x000000075917c970,0x0000000759180000)
  to   space 16384K, 0% used [0x0000000764f00000,0x0000000764f00000,0x0000000765f00000)
 ParOldGen       total 125952K, used 13833K [0x0000000641c00000, 0x0000000649700000, 0x0000000740980000)
  object space 125952K, 10% used [0x0000000641c00000,0x00000006429825e0,0x0000000649700000)
 Metaspace       used 33891K, capacity 35362K, committed 35416K, reserved 1079296K
  class space    used 4394K, capacity 4701K, committed 4736K, reserved 1048576K
Event: 3.010 GC heap after
Heap after GC invocations=9 (full 1):
 PSYoungGen      total 593920K, used 14021K [0x0000000740980000, 0x000000076a780000, 0x00000007c0000000)
  eden space 577536K, 0% used [0x0000000740980000,0x0000000740980000,0x0000000763d80000)
  from space 16384K, 85% used [0x0000000764f00000,0x0000000765cb1418,0x0000000765f00000)
  to   space 17920K, 0% used [0x0000000763d80000,0x0000000763d80000,0x0000000764f00000)
 ParOldGen       total 125952K, used 13841K [0x0000000641c00000, 0x0000000649700000, 0x0000000740980000)
  object space 125952K, 10% used [0x0000000641c00000,0x00000006429845e0,0x0000000649700000)
 Metaspace       used 33891K, capacity 35362K, committed 35416K, reserved 1079296K
  class space    used 4394K, capacity 4701K, committed 4736K, reserved 1048576K
}
Event: 3.010 GC heap before
{Heap before GC invocations=10 (full 2):
 PSYoungGen      total 593920K, used 14021K [0x0000000740980000, 0x000000076a780000, 0x00000007c0000000)
  eden space 577536K, 0% used [0x0000000740980000,0x0000000740980000,0x0000000763d80000)
  from space 16384K, 85% used [0x0000000764f00000,0x0000000765cb1418,0x0000000765f00000)
  to   space 17920K, 0% used [0x0000000763d80000,0x0000000763d80000,0x0000000764f00000)
 ParOldGen       total 125952K, used 13841K [0x0000000641c00000, 0x0000000649700000, 0x0000000740980000)
  object space 125952K, 10% used [0x0000000641c00000,0x00000006429845e0,0x0000000649700000)
 Metaspace       used 33891K, capacity 35362K, committed 35416K, reserved 1079296K
  class space    used 4394K, capacity 4701K, committed 4736K, reserved 1048576K
Event: 3.049 GC heap after
Heap after GC invocations=10 (full 2):
 PSYoungGen      total 593920K, used 0K [0x0000000740980000, 0x000000076a780000, 0x00000007c0000000)
  eden space 577536K, 0% used [0x0000000740980000,0x0000000740980000,0x0000000763d80000)
  from space 16384K, 0% used [0x0000000764f00000,0x0000000764f00000,0x0000000765f00000)
  to   space 17920K, 0% used [0x0000000763d80000,0x0000000763d80000,0x0000000764f00000)
 ParOldGen       total 184320K, used 21169K [0x0000000641c00000, 0x000000064d000000, 0x0000000740980000)
  object space 184320K, 11% used [0x0000000641c00000,0x00000006430ac660,0x000000064d000000)
 Metaspace       used 33891K, capacity 35362K, committed 35416K, reserved 1079296K
  class space    used 4394K, capacity 4701K, committed 4736K, reserved 1048576K
}
Event: 4.891 GC heap before
{Heap before GC invocations=11 (full 2):
 PSYoungGen      total 593920K, used 493231K [0x0000000740980000, 0x000000076a780000, 0x00000007c0000000)
  eden space 577536K, 85% used [0x0000000740980000,0x000000075eb2bc58,0x0000000763d80000)
  from space 16384K, 0% used [0x0000000764f00000,0x0000000764f00000,0x0000000765f00000)
  to   space 17920K, 0% used [0x0000000763d80000,0x0000000763d80000,0x0000000764f00000)
 ParOldGen       total 184320K, used 21169K [0x0000000641c00000, 0x000000064d000000, 0x0000000740980000)
  object space 184320K, 11% used [0x0000000641c00000,0x00000006430ac660,0x000000064d000000)
 Metaspace       used 43516K, capacity 45370K, committed 45528K, reserved 1093632K
  class space    used 5752K, capacity 6125K, committed 6144K, reserved 1048576K
Event: 4.901 GC heap after
Heap after GC invocations=11 (full 2):
 PSYoungGen      total 595456K, used 12433K [0x0000000740980000, 0x000000076a780000, 0x00000007c0000000)
  eden space 577536K, 0% used [0x0000000740980000,0x0000000740980000,0x0000000763d80000)
  from space 17920K, 69% used [0x0000000763d80000,0x00000007649a4680,0x0000000764f00000)
  to   space 16384K, 0% used [0x0000000764f00000,0x0000000764f00000,0x0000000765f00000)
 ParOldGen       total 184320K, used 21177K [0x0000000641c00000, 0x000000064d000000, 0x0000000740980000)
  object space 184320K, 11% used [0x0000000641c00000,0x00000006430ae660,0x000000064d000000)
 Metaspace       used 43516K, capacity 45370K, committed 45528K, reserved 1093632K
  class space    used 5752K, capacity 6125K, committed 6144K, reserved 1048576K
}
Event: 4.901 GC heap before
{Heap before GC invocations=12 (full 3):
 PSYoungGen      total 595456K, used 12433K [0x0000000740980000, 0x000000076a780000, 0x00000007c0000000)
  eden space 577536K, 0% used [0x0000000740980000,0x0000000740980000,0x0000000763d80000)
  from space 17920K, 69% used [0x0000000763d80000,0x00000007649a4680,0x0000000764f00000)
  to   space 16384K, 0% used [0x0000000764f00000,0x0000000764f00000,0x0000000765f00000)
 ParOldGen       total 184320K, used 21177K [0x0000000641c00000, 0x000000064d000000, 0x0000000740980000)
  object space 184320K, 11% used [0x0000000641c00000,0x00000006430ae660,0x000000064d000000)
 Metaspace       used 43516K, capacity 45370K, committed 45528K, reserved 1093632K
  class space    used 5752K, capacity 6125K, committed 6144K, reserved 1048576K

